<?xml version="1.0" encoding="UTF-8"?>
<!-- Generated by org.testng.reporters.JUnitReportReporter -->
<testsuite skipped="0" hostname="WIN-NFDCINOH1RK" name="face1.face1.NewTest45" tests="1" failures="0" timestamp="2020-02-04T12:07:41 UTC" time="1.999" errors="0">
  <testcase name="f" time="1.999" classname="face1.face1.NewTest45"/>
</testsuite> <!-- face1.face1.NewTest45 -->
