<?xml version="1.0" encoding="UTF-8"?>
<!-- Generated by org.testng.reporters.JUnitReportReporter -->
<testsuite skipped="1" hostname="WIN-NFDCINOH1RK" name="face1.face1.Case1demo" tests="2" failures="0" timestamp="2020-02-06T05:14:51 UTC" time="7.502" errors="0">
  <testcase name="fa" time="7.502" classname="face1.face1.Case1demo"/>
  <testcase name="demo1" classname="face1.face1.Case1demo">
    <skipped/>
  </testcase> <!-- demo1 -->
</testsuite> <!-- face1.face1.Case1demo -->
