<?xml version="1.0" encoding="UTF-8"?>
<!-- Generated by org.testng.reporters.JUnitReportReporter -->
<testsuite skipped="0" hostname="WIN-NFDCINOH1RK" name="face1.face1.Casedemo2" tests="1" failures="0" timestamp="2020-02-05T11:00:11 UTC" time="6.000" errors="0">
  <testcase name="f" time="6.000" classname="face1.face1.Casedemo2"/>
</testsuite> <!-- face1.face1.Casedemo2 -->
