<?xml version="1.0" encoding="UTF-8"?>
<!-- Generated by org.testng.reporters.JUnitReportReporter -->
<testsuite skipped="0" hostname="WIN-NFDCINOH1RK" name="face1.face1.Facebookdemo" tests="1" failures="0" timestamp="2020-02-06T05:09:06 UTC" time="0.036" errors="0">
  <testcase name="f" time="0.036" classname="face1.face1.Facebookdemo"/>
</testsuite> <!-- face1.face1.Facebookdemo -->
