<?xml version="1.0" encoding="UTF-8"?>
<!-- Generated by org.testng.reporters.JUnitReportReporter -->
<testsuite skipped="0" hostname="WIN-NFDCINOH1RK" name="face1.face1.parameterizationdemo" tests="2" failures="0" timestamp="2020-02-06T04:13:48 UTC" time="7.356" errors="0">
  <testcase name="login" time="4.114" classname="face1.face1.parameterizationdemo"/>
  <testcase name="login" time="3.242" classname="face1.face1.parameterizationdemo"/>
</testsuite> <!-- face1.face1.parameterizationdemo -->
