<?xml version="1.0" encoding="UTF-8"?>
<!-- Generated by org.testng.reporters.JUnitReportReporter -->
<testsuite skipped="0" hostname="WIN-NFDCINOH1RK" name="face1.face1.Case2demo" tests="3" failures="0" timestamp="2020-02-06T05:09:06 UTC" time="18.649" errors="0">
  <testcase name="f" time="6.591" classname="face1.face1.Case2demo"/>
  <testcase name="f" time="6.437" classname="face1.face1.Case2demo"/>
  <testcase name="f" time="5.621" classname="face1.face1.Case2demo"/>
</testsuite> <!-- face1.face1.Case2demo -->
