<?xml version="1.0" encoding="UTF-8"?>
<!-- Generated by org.testng.reporters.JUnitReportReporter -->
<testsuite skipped="1" hostname="WIN-NFDCINOH1RK" name="face1.face1.NewTest2" tests="3" failures="0" timestamp="2020-02-04T09:42:37 UTC" time="0.018" errors="0">
  <testcase name="login" time="0.017" classname="face1.face1.NewTest2"/>
  <testcase name="logout" time="0.001" classname="face1.face1.NewTest2"/>
  <testcase name="registration" classname="face1.face1.NewTest2">
    <skipped/>
  </testcase> <!-- registration -->
</testsuite> <!-- face1.face1.NewTest2 -->
