<?xml version="1.0" encoding="UTF-8"?>
<!-- Generated by org.testng.reporters.JUnitReportReporter -->
<testsuite skipped="2" hostname="WIN-NFDCINOH1RK" name="face1.face1.Accdrop" tests="3" failures="0" timestamp="2020-02-07T03:43:01 UTC" time="7.893" errors="0">
  <testcase name="f" time="7.893" classname="face1.face1.Accdrop"/>
  <testcase name="f2" classname="face1.face1.Accdrop">
    <skipped/>
  </testcase> <!-- f2 -->
  <testcase name="f1" classname="face1.face1.Accdrop">
    <skipped/>
  </testcase> <!-- f1 -->
</testsuite> <!-- face1.face1.Accdrop -->
